The system is: Linux - 6.2.2-1285.native - x86_64
Compiling the C compiler identification source file "CMakeCCompilerId.c" succeeded.
Compiler: /usr/bin/gcc 
Build flags: -g;-O3;-feliminate-unused-debug-types;-pipe;-Wall;-Wp,-D_FORTIFY_SOURCE=2;-fexceptions;-Wformat;-Wformat-security;-m64;-fasynchronous-unwind-tables;-Wp,-D_REENTRANT;-ftree-loop-distribute-patterns;-Wl,-z,now;-Wl,-z,relro;-fno-semantic-interposition;-ffat-lto-objects;-fno-trapping-math;-Wl,-sort-common;-Wl,--enable-new-dtags;-mrelax-cmpxchg-loop;
Id flags:  

The output was:
0


Compilation of the C compiler identification source "CMakeCCompilerId.c" produced "a.out"

The C compiler identification is GNU, found in "/home/kan/Dev/unlimited-base-conversion/build/CMakeFiles/3.25.3/CompilerIdC/a.out"

Compiling the CXX compiler identification source file "CMakeCXXCompilerId.cpp" succeeded.
Compiler: /usr/bin/g++ 
Build flags: -g;-O3;-feliminate-unused-debug-types;-pipe;-Wall;-Wp,-D_FORTIFY_SOURCE=2;-fexceptions;-Wformat;-Wformat-security;-m64;-fasynchronous-unwind-tables;-Wp,-D_REENTRANT;-ftree-loop-distribute-patterns;-Wl,-z,now;-Wl,-z,relro;-fno-semantic-interposition;-ffat-lto-objects;-fno-trapping-math;-Wl,-sort-common;-Wl,--enable-new-dtags;-mrelax-cmpxchg-loop;;-fvisibility-inlines-hidden;-Wl,--enable-new-dtags;-std=gnu++17
Id flags:  

The output was:
0


Compilation of the CXX compiler identification source "CMakeCXXCompilerId.cpp" produced "a.out"

The CXX compiler identification is GNU, found in "/home/kan/Dev/unlimited-base-conversion/build/CMakeFiles/3.25.3/CompilerIdCXX/a.out"

Detecting C compiler ABI info compiled with the following output:
Change Dir: /home/kan/Dev/unlimited-base-conversion/build/CMakeFiles/CMakeScratch/TryCompile-8QSAhm

Run Build Command(s):/usr/bin/gmake -f Makefile cmTC_3cfca/fast && /usr/bin/gmake  -f CMakeFiles/cmTC_3cfca.dir/build.make CMakeFiles/cmTC_3cfca.dir/build
gmake[1]: Entering directory '/home/kan/Dev/unlimited-base-conversion/build/CMakeFiles/CMakeScratch/TryCompile-8QSAhm'
Building C object CMakeFiles/cmTC_3cfca.dir/CMakeCCompilerABI.c.o
/usr/bin/gcc   -g -O3 -feliminate-unused-debug-types -pipe -Wall -Wp,-D_FORTIFY_SOURCE=2 -fexceptions -Wformat -Wformat-security -m64 -fasynchronous-unwind-tables -Wp,-D_REENTRANT -ftree-loop-distribute-patterns -Wl,-z,now -Wl,-z,relro -fno-semantic-interposition -ffat-lto-objects -fno-trapping-math -Wl,-sort-common -Wl,--enable-new-dtags -mrelax-cmpxchg-loop    -v -o CMakeFiles/cmTC_3cfca.dir/CMakeCCompilerABI.c.o -c /usr/share/cmake-3.25/Modules/CMakeCCompilerABI.c
Using built-in specs.
COLLECT_GCC=/usr/bin/gcc
Target: x86_64-generic-linux
Configured with: ../gcc-12.2.0/configure --prefix=/usr --with-pkgversion='Clear Linux OS for Intel Architecture' --libdir=/usr/lib64 --enable-libstdcxx-pch --libexecdir=/usr/lib64 --with-system-zlib --enable-shared --enable-gnu-indirect-function --disable-vtable-verify --enable-threads=posix --enable-__cxa_atexit --enable-plugin --enable-ld=default --enable-clocale=gnu --disable-multiarch --enable-multilib --enable-lto --with-pic --disable-werror --enable-linker-build-id --build=x86_64-generic-linux --target=x86_64-generic-linux --enable-host-shared --enable-languages=c,c++,fortran,go,jit --enable-bootstrap --with-ppl=yes --with-isl --includedir=/usr/include --exec-prefix=/usr --with-glibc-version=2.35 --disable-libunwind-exceptions --with-gnu-ld --with-tune=sapphirerapids --with-arch=x86-64-v3 --enable-cet --disable-libmpx --with-gcc-major-version-only --enable-linux-futex --enable-gnu-indirect-function --with-zstd --enable-default-pie
Thread model: posix
Supported LTO compression algorithms: zlib zstd
gcc version 12.2.1 20230309 releases/gcc-12.2.0-539-g7435136fe9 (Clear Linux OS for Intel Architecture) 
COLLECT_GCC_OPTIONS='-g' '-O3' '-feliminate-unused-debug-types' '-pipe' '-Wall' '-fexceptions' '-Wformat=1' '-Wformat-security' '-m64' '-fasynchronous-unwind-tables' '-ftree-loop-distribute-patterns' '-fno-semantic-interposition' '-ffat-lto-objects' '-fno-trapping-math' '-mrelax-cmpxchg-loop' '-v' '-o' 'CMakeFiles/cmTC_3cfca.dir/CMakeCCompilerABI.c.o' '-c' '-mtune=sapphirerapids' '-march=x86-64-v3' '-dumpdir' 'CMakeFiles/cmTC_3cfca.dir/'
 /usr/lib64/gcc/x86_64-generic-linux/12/cc1 -quiet -v -D_FORTIFY_SOURCE=2 -D_REENTRANT /usr/share/cmake-3.25/Modules/CMakeCCompilerABI.c -quiet -dumpdir CMakeFiles/cmTC_3cfca.dir/ -dumpbase CMakeCCompilerABI.c.c -dumpbase-ext .c -m64 -mrelax-cmpxchg-loop -mtune=sapphirerapids -march=x86-64-v3 -g -O3 -Wall -Wformat=1 -Wformat-security -version -feliminate-unused-debug-types -fexceptions -fasynchronous-unwind-tables -ftree-loop-distribute-patterns -fno-semantic-interposition -ffat-lto-objects -fno-trapping-math -o - |
 /usr/lib64/gcc/x86_64-generic-linux/12/as -v --gdwarf-5 --64 -o CMakeFiles/cmTC_3cfca.dir/CMakeCCompilerABI.c.o
GNU C17 (Clear Linux OS for Intel Architecture) version 12.2.1 20230309 releases/gcc-12.2.0-539-g7435136fe9 (x86_64-generic-linux)
	compiled by GNU C version 12.2.1 20230309 releases/gcc-12.2.0-539-g7435136fe9, GMP version 6.2.1, MPFR version 4.1.1, MPC version 1.2.1, isl version isl-0.24-GMP

GGC heuristics: --param ggc-min-expand=100 --param ggc-min-heapsize=131072
ignoring nonexistent directory "/usr/local/include"
ignoring nonexistent directory "/usr/lib64/gcc/x86_64-generic-linux/12/../../../../x86_64-generic-linux/include"
#include "..." search starts here:
#include <...> search starts here:
 /usr/lib64/gcc/x86_64-generic-linux/12/include
 /usr/lib64/gcc/x86_64-generic-linux/12/include-fixed
 /usr/include
End of search list.
GNU C17 (Clear Linux OS for Intel Architecture) version 12.2.1 20230309 releases/gcc-12.2.0-539-g7435136fe9 (x86_64-generic-linux)
	compiled by GNU C version 12.2.1 20230309 releases/gcc-12.2.0-539-g7435136fe9, GMP version 6.2.1, MPFR version 4.1.1, MPC version 1.2.1, isl version isl-0.24-GMP

GGC heuristics: --param ggc-min-expand=100 --param ggc-min-heapsize=131072
Compiler executable checksum: GNU assembler version 2.40.0 (x86_64-generic-linux) using BFD version (GNU Binutils) 2.40.0
5655fe73e99936cf9bfbaca935d4779e
COMPILER_PATH=/usr/lib64/gcc/x86_64-generic-linux/12/:/usr/lib64/gcc/x86_64-generic-linux/12/:/usr/lib64/gcc/x86_64-generic-linux/:/usr/lib64/gcc/x86_64-generic-linux/12/:/usr/lib64/gcc/x86_64-generic-linux/
LIBRARY_PATH=/usr/lib64/gcc/x86_64-generic-linux/12/:/usr/lib64/gcc/x86_64-generic-linux/12/../../../../lib64/:/lib/../lib64/:/usr/lib/../lib64/:/usr/lib64/gcc/x86_64-generic-linux/12/../../../:/lib/:/usr/lib/
COLLECT_GCC_OPTIONS='-g' '-O3' '-feliminate-unused-debug-types' '-pipe' '-Wall' '-fexceptions' '-Wformat=1' '-Wformat-security' '-m64' '-fasynchronous-unwind-tables' '-ftree-loop-distribute-patterns' '-fno-semantic-interposition' '-ffat-lto-objects' '-fno-trapping-math' '-mrelax-cmpxchg-loop' '-v' '-o' 'CMakeFiles/cmTC_3cfca.dir/CMakeCCompilerABI.c.o' '-c' '-mtune=sapphirerapids' '-march=x86-64-v3' '-dumpdir' 'CMakeFiles/cmTC_3cfca.dir/CMakeCCompilerABI.c.'
Linking C executable cmTC_3cfca
/usr/bin/cmake -E cmake_link_script CMakeFiles/cmTC_3cfca.dir/link.txt --verbose=1
/usr/bin/gcc -g -O3 -feliminate-unused-debug-types -pipe -Wall -Wp,-D_FORTIFY_SOURCE=2 -fexceptions -Wformat -Wformat-security -m64 -fasynchronous-unwind-tables -Wp,-D_REENTRANT -ftree-loop-distribute-patterns -Wl,-z,now -Wl,-z,relro -fno-semantic-interposition -ffat-lto-objects -fno-trapping-math -Wl,-sort-common -Wl,--enable-new-dtags -mrelax-cmpxchg-loop   -v -rdynamic CMakeFiles/cmTC_3cfca.dir/CMakeCCompilerABI.c.o -o cmTC_3cfca 
Using built-in specs.
COLLECT_GCC=/usr/bin/gcc
COLLECT_LTO_WRAPPER=/usr/lib64/gcc/x86_64-generic-linux/12/lto-wrapper
Target: x86_64-generic-linux
Configured with: ../gcc-12.2.0/configure --prefix=/usr --with-pkgversion='Clear Linux OS for Intel Architecture' --libdir=/usr/lib64 --enable-libstdcxx-pch --libexecdir=/usr/lib64 --with-system-zlib --enable-shared --enable-gnu-indirect-function --disable-vtable-verify --enable-threads=posix --enable-__cxa_atexit --enable-plugin --enable-ld=default --enable-clocale=gnu --disable-multiarch --enable-multilib --enable-lto --with-pic --disable-werror --enable-linker-build-id --build=x86_64-generic-linux --target=x86_64-generic-linux --enable-host-shared --enable-languages=c,c++,fortran,go,jit --enable-bootstrap --with-ppl=yes --with-isl --includedir=/usr/include --exec-prefix=/usr --with-glibc-version=2.35 --disable-libunwind-exceptions --with-gnu-ld --with-tune=sapphirerapids --with-arch=x86-64-v3 --enable-cet --disable-libmpx --with-gcc-major-version-only --enable-linux-futex --enable-gnu-indirect-function --with-zstd --enable-default-pie
Thread model: posix
Supported LTO compression algorithms: zlib zstd
gcc version 12.2.1 20230309 releases/gcc-12.2.0-539-g7435136fe9 (Clear Linux OS for Intel Architecture) 
COMPILER_PATH=/usr/lib64/gcc/x86_64-generic-linux/12/:/usr/lib64/gcc/x86_64-generic-linux/12/:/usr/lib64/gcc/x86_64-generic-linux/:/usr/lib64/gcc/x86_64-generic-linux/12/:/usr/lib64/gcc/x86_64-generic-linux/
LIBRARY_PATH=/usr/lib64/gcc/x86_64-generic-linux/12/:/usr/lib64/gcc/x86_64-generic-linux/12/../../../../lib64/:/lib/../lib64/:/usr/lib/../lib64/:/usr/lib64/gcc/x86_64-generic-linux/12/../../../:/lib/:/usr/lib/
COLLECT_GCC_OPTIONS='-g' '-O3' '-feliminate-unused-debug-types' '-pipe' '-Wall' '-fexceptions' '-Wformat=1' '-Wformat-security' '-m64' '-fasynchronous-unwind-tables' '-ftree-loop-distribute-patterns' '-fno-semantic-interposition' '-ffat-lto-objects' '-fno-trapping-math' '-mrelax-cmpxchg-loop' '-v' '-rdynamic' '-o' 'cmTC_3cfca' '-mtune=sapphirerapids' '-march=x86-64-v3' '-dumpdir' 'cmTC_3cfca.'
 /usr/lib64/gcc/x86_64-generic-linux/12/collect2 -plugin /usr/lib64/gcc/x86_64-generic-linux/12/liblto_plugin.so -plugin-opt=/usr/lib64/gcc/x86_64-generic-linux/12/lto-wrapper -plugin-opt=-fresolution=/tmp/ccUBNZ3N.res -plugin-opt=-pass-through=-lgcc -plugin-opt=-pass-through=-lgcc_s -plugin-opt=-pass-through=-lc -plugin-opt=-pass-through=-lgcc -plugin-opt=-pass-through=-lgcc_s --build-id --eh-frame-hdr -m elf_x86_64 -export-dynamic -dynamic-linker /lib64/ld-linux-x86-64.so.2 -pie -z now -o cmTC_3cfca /usr/lib64/gcc/x86_64-generic-linux/12/../../../../lib64/Scrt1.o /usr/lib64/gcc/x86_64-generic-linux/12/../../../../lib64/crti.o /usr/lib64/gcc/x86_64-generic-linux/12/crtbeginS.o -L/usr/lib64/gcc/x86_64-generic-linux/12 -L/usr/lib64/gcc/x86_64-generic-linux/12/../../../../lib64 -L/lib/../lib64 -L/usr/lib/../lib64 -L/usr/lib64/gcc/x86_64-generic-linux/12/../../.. -z now -z relro -sort-common --enable-new-dtags CMakeFiles/cmTC_3cfca.dir/CMakeCCompilerABI.c.o -lgcc --push-state --as-needed -lgcc_s --pop-state -lc -lgcc --push-state --as-needed -lgcc_s --pop-state /usr/lib64/gcc/x86_64-generic-linux/12/crtfastmath.o /usr/lib64/gcc/x86_64-generic-linux/12/crtendS.o /usr/lib64/gcc/x86_64-generic-linux/12/../../../../lib64/crtn.o
COLLECT_GCC_OPTIONS='-g' '-O3' '-feliminate-unused-debug-types' '-pipe' '-Wall' '-fexceptions' '-Wformat=1' '-Wformat-security' '-m64' '-fasynchronous-unwind-tables' '-ftree-loop-distribute-patterns' '-fno-semantic-interposition' '-ffat-lto-objects' '-fno-trapping-math' '-mrelax-cmpxchg-loop' '-v' '-rdynamic' '-o' 'cmTC_3cfca' '-mtune=sapphirerapids' '-march=x86-64-v3' '-dumpdir' 'cmTC_3cfca.'
gmake[1]: Leaving directory '/home/kan/Dev/unlimited-base-conversion/build/CMakeFiles/CMakeScratch/TryCompile-8QSAhm'



Parsed C implicit include dir info from above output: rv=done
  found start of include info
  found start of implicit include info
    add: [/usr/lib64/gcc/x86_64-generic-linux/12/include]
    add: [/usr/lib64/gcc/x86_64-generic-linux/12/include-fixed]
    add: [/usr/include]
  end of search list found
  collapse include dir [/usr/lib64/gcc/x86_64-generic-linux/12/include] ==> [/usr/lib64/gcc/x86_64-generic-linux/12/include]
  collapse include dir [/usr/lib64/gcc/x86_64-generic-linux/12/include-fixed] ==> [/usr/lib64/gcc/x86_64-generic-linux/12/include-fixed]
  collapse include dir [/usr/include] ==> [/usr/include]
  implicit include dirs: [/usr/lib64/gcc/x86_64-generic-linux/12/include;/usr/lib64/gcc/x86_64-generic-linux/12/include-fixed;/usr/include]


Parsed C implicit link information from above output:
  link line regex: [^( *|.*[/\])(ld|CMAKE_LINK_STARTFILE-NOTFOUND|([^/\]+-)?ld|collect2)[^/\]*( |$)]
  ignore line: [Change Dir: /home/kan/Dev/unlimited-base-conversion/build/CMakeFiles/CMakeScratch/TryCompile-8QSAhm]
  ignore line: []
  ignore line: [Run Build Command(s):/usr/bin/gmake -f Makefile cmTC_3cfca/fast && /usr/bin/gmake  -f CMakeFiles/cmTC_3cfca.dir/build.make CMakeFiles/cmTC_3cfca.dir/build]
  ignore line: [gmake[1]: Entering directory '/home/kan/Dev/unlimited-base-conversion/build/CMakeFiles/CMakeScratch/TryCompile-8QSAhm']
  ignore line: [Building C object CMakeFiles/cmTC_3cfca.dir/CMakeCCompilerABI.c.o]
  ignore line: [/usr/bin/gcc   -g -O3 -feliminate-unused-debug-types -pipe -Wall -Wp -D_FORTIFY_SOURCE=2 -fexceptions -Wformat -Wformat-security -m64 -fasynchronous-unwind-tables -Wp -D_REENTRANT -ftree-loop-distribute-patterns -Wl -z now -Wl -z relro -fno-semantic-interposition -ffat-lto-objects -fno-trapping-math -Wl -sort-common -Wl --enable-new-dtags -mrelax-cmpxchg-loop    -v -o CMakeFiles/cmTC_3cfca.dir/CMakeCCompilerABI.c.o -c /usr/share/cmake-3.25/Modules/CMakeCCompilerABI.c]
  ignore line: [Using built-in specs.]
  ignore line: [COLLECT_GCC=/usr/bin/gcc]
  ignore line: [Target: x86_64-generic-linux]
  ignore line: [Configured with: ../gcc-12.2.0/configure --prefix=/usr --with-pkgversion='Clear Linux OS for Intel Architecture' --libdir=/usr/lib64 --enable-libstdcxx-pch --libexecdir=/usr/lib64 --with-system-zlib --enable-shared --enable-gnu-indirect-function --disable-vtable-verify --enable-threads=posix --enable-__cxa_atexit --enable-plugin --enable-ld=default --enable-clocale=gnu --disable-multiarch --enable-multilib --enable-lto --with-pic --disable-werror --enable-linker-build-id --build=x86_64-generic-linux --target=x86_64-generic-linux --enable-host-shared --enable-languages=c,c++,fortran,go,jit --enable-bootstrap --with-ppl=yes --with-isl --includedir=/usr/include --exec-prefix=/usr --with-glibc-version=2.35 --disable-libunwind-exceptions --with-gnu-ld --with-tune=sapphirerapids --with-arch=x86-64-v3 --enable-cet --disable-libmpx --with-gcc-major-version-only --enable-linux-futex --enable-gnu-indirect-function --with-zstd --enable-default-pie]
  ignore line: [Thread model: posix]
  ignore line: [Supported LTO compression algorithms: zlib zstd]
  ignore line: [gcc version 12.2.1 20230309 releases/gcc-12.2.0-539-g7435136fe9 (Clear Linux OS for Intel Architecture) ]
  ignore line: [COLLECT_GCC_OPTIONS='-g' '-O3' '-feliminate-unused-debug-types' '-pipe' '-Wall' '-fexceptions' '-Wformat=1' '-Wformat-security' '-m64' '-fasynchronous-unwind-tables' '-ftree-loop-distribute-patterns' '-fno-semantic-interposition' '-ffat-lto-objects' '-fno-trapping-math' '-mrelax-cmpxchg-loop' '-v' '-o' 'CMakeFiles/cmTC_3cfca.dir/CMakeCCompilerABI.c.o' '-c' '-mtune=sapphirerapids' '-march=x86-64-v3' '-dumpdir' 'CMakeFiles/cmTC_3cfca.dir/']
  ignore line: [ /usr/lib64/gcc/x86_64-generic-linux/12/cc1 -quiet -v -D_FORTIFY_SOURCE=2 -D_REENTRANT /usr/share/cmake-3.25/Modules/CMakeCCompilerABI.c -quiet -dumpdir CMakeFiles/cmTC_3cfca.dir/ -dumpbase CMakeCCompilerABI.c.c -dumpbase-ext .c -m64 -mrelax-cmpxchg-loop -mtune=sapphirerapids -march=x86-64-v3 -g -O3 -Wall -Wformat=1 -Wformat-security -version -feliminate-unused-debug-types -fexceptions -fasynchronous-unwind-tables -ftree-loop-distribute-patterns -fno-semantic-interposition -ffat-lto-objects -fno-trapping-math -o - |]
  ignore line: [ /usr/lib64/gcc/x86_64-generic-linux/12/as -v --gdwarf-5 --64 -o CMakeFiles/cmTC_3cfca.dir/CMakeCCompilerABI.c.o]
  ignore line: [GNU C17 (Clear Linux OS for Intel Architecture) version 12.2.1 20230309 releases/gcc-12.2.0-539-g7435136fe9 (x86_64-generic-linux)]
  ignore line: [	compiled by GNU C version 12.2.1 20230309 releases/gcc-12.2.0-539-g7435136fe9  GMP version 6.2.1  MPFR version 4.1.1  MPC version 1.2.1  isl version isl-0.24-GMP]
  ignore line: []
  ignore line: [GGC heuristics: --param ggc-min-expand=100 --param ggc-min-heapsize=131072]
  ignore line: [ignoring nonexistent directory "/usr/local/include"]
  ignore line: [ignoring nonexistent directory "/usr/lib64/gcc/x86_64-generic-linux/12/../../../../x86_64-generic-linux/include"]
  ignore line: [#include "..." search starts here:]
  ignore line: [#include <...> search starts here:]
  ignore line: [ /usr/lib64/gcc/x86_64-generic-linux/12/include]
  ignore line: [ /usr/lib64/gcc/x86_64-generic-linux/12/include-fixed]
  ignore line: [ /usr/include]
  ignore line: [End of search list.]
  ignore line: [GNU C17 (Clear Linux OS for Intel Architecture) version 12.2.1 20230309 releases/gcc-12.2.0-539-g7435136fe9 (x86_64-generic-linux)]
  ignore line: [	compiled by GNU C version 12.2.1 20230309 releases/gcc-12.2.0-539-g7435136fe9  GMP version 6.2.1  MPFR version 4.1.1  MPC version 1.2.1  isl version isl-0.24-GMP]
  ignore line: []
  ignore line: [GGC heuristics: --param ggc-min-expand=100 --param ggc-min-heapsize=131072]
  ignore line: [Compiler executable checksum: GNU assembler version 2.40.0 (x86_64-generic-linux) using BFD version (GNU Binutils) 2.40.0]
  ignore line: [5655fe73e99936cf9bfbaca935d4779e]
  ignore line: [COMPILER_PATH=/usr/lib64/gcc/x86_64-generic-linux/12/:/usr/lib64/gcc/x86_64-generic-linux/12/:/usr/lib64/gcc/x86_64-generic-linux/:/usr/lib64/gcc/x86_64-generic-linux/12/:/usr/lib64/gcc/x86_64-generic-linux/]
  ignore line: [LIBRARY_PATH=/usr/lib64/gcc/x86_64-generic-linux/12/:/usr/lib64/gcc/x86_64-generic-linux/12/../../../../lib64/:/lib/../lib64/:/usr/lib/../lib64/:/usr/lib64/gcc/x86_64-generic-linux/12/../../../:/lib/:/usr/lib/]
  ignore line: [COLLECT_GCC_OPTIONS='-g' '-O3' '-feliminate-unused-debug-types' '-pipe' '-Wall' '-fexceptions' '-Wformat=1' '-Wformat-security' '-m64' '-fasynchronous-unwind-tables' '-ftree-loop-distribute-patterns' '-fno-semantic-interposition' '-ffat-lto-objects' '-fno-trapping-math' '-mrelax-cmpxchg-loop' '-v' '-o' 'CMakeFiles/cmTC_3cfca.dir/CMakeCCompilerABI.c.o' '-c' '-mtune=sapphirerapids' '-march=x86-64-v3' '-dumpdir' 'CMakeFiles/cmTC_3cfca.dir/CMakeCCompilerABI.c.']
  ignore line: [Linking C executable cmTC_3cfca]
  ignore line: [/usr/bin/cmake -E cmake_link_script CMakeFiles/cmTC_3cfca.dir/link.txt --verbose=1]
  ignore line: [/usr/bin/gcc -g -O3 -feliminate-unused-debug-types -pipe -Wall -Wp -D_FORTIFY_SOURCE=2 -fexceptions -Wformat -Wformat-security -m64 -fasynchronous-unwind-tables -Wp -D_REENTRANT -ftree-loop-distribute-patterns -Wl -z now -Wl -z relro -fno-semantic-interposition -ffat-lto-objects -fno-trapping-math -Wl -sort-common -Wl --enable-new-dtags -mrelax-cmpxchg-loop   -v -rdynamic CMakeFiles/cmTC_3cfca.dir/CMakeCCompilerABI.c.o -o cmTC_3cfca ]
  ignore line: [Using built-in specs.]
  ignore line: [COLLECT_GCC=/usr/bin/gcc]
  ignore line: [COLLECT_LTO_WRAPPER=/usr/lib64/gcc/x86_64-generic-linux/12/lto-wrapper]
  ignore line: [Target: x86_64-generic-linux]
  ignore line: [Configured with: ../gcc-12.2.0/configure --prefix=/usr --with-pkgversion='Clear Linux OS for Intel Architecture' --libdir=/usr/lib64 --enable-libstdcxx-pch --libexecdir=/usr/lib64 --with-system-zlib --enable-shared --enable-gnu-indirect-function --disable-vtable-verify --enable-threads=posix --enable-__cxa_atexit --enable-plugin --enable-ld=default --enable-clocale=gnu --disable-multiarch --enable-multilib --enable-lto --with-pic --disable-werror --enable-linker-build-id --build=x86_64-generic-linux --target=x86_64-generic-linux --enable-host-shared --enable-languages=c,c++,fortran,go,jit --enable-bootstrap --with-ppl=yes --with-isl --includedir=/usr/include --exec-prefix=/usr --with-glibc-version=2.35 --disable-libunwind-exceptions --with-gnu-ld --with-tune=sapphirerapids --with-arch=x86-64-v3 --enable-cet --disable-libmpx --with-gcc-major-version-only --enable-linux-futex --enable-gnu-indirect-function --with-zstd --enable-default-pie]
  ignore line: [Thread model: posix]
  ignore line: [Supported LTO compression algorithms: zlib zstd]
  ignore line: [gcc version 12.2.1 20230309 releases/gcc-12.2.0-539-g7435136fe9 (Clear Linux OS for Intel Architecture) ]
  ignore line: [COMPILER_PATH=/usr/lib64/gcc/x86_64-generic-linux/12/:/usr/lib64/gcc/x86_64-generic-linux/12/:/usr/lib64/gcc/x86_64-generic-linux/:/usr/lib64/gcc/x86_64-generic-linux/12/:/usr/lib64/gcc/x86_64-generic-linux/]
  ignore line: [LIBRARY_PATH=/usr/lib64/gcc/x86_64-generic-linux/12/:/usr/lib64/gcc/x86_64-generic-linux/12/../../../../lib64/:/lib/../lib64/:/usr/lib/../lib64/:/usr/lib64/gcc/x86_64-generic-linux/12/../../../:/lib/:/usr/lib/]
  ignore line: [COLLECT_GCC_OPTIONS='-g' '-O3' '-feliminate-unused-debug-types' '-pipe' '-Wall' '-fexceptions' '-Wformat=1' '-Wformat-security' '-m64' '-fasynchronous-unwind-tables' '-ftree-loop-distribute-patterns' '-fno-semantic-interposition' '-ffat-lto-objects' '-fno-trapping-math' '-mrelax-cmpxchg-loop' '-v' '-rdynamic' '-o' 'cmTC_3cfca' '-mtune=sapphirerapids' '-march=x86-64-v3' '-dumpdir' 'cmTC_3cfca.']
  link line: [ /usr/lib64/gcc/x86_64-generic-linux/12/collect2 -plugin /usr/lib64/gcc/x86_64-generic-linux/12/liblto_plugin.so -plugin-opt=/usr/lib64/gcc/x86_64-generic-linux/12/lto-wrapper -plugin-opt=-fresolution=/tmp/ccUBNZ3N.res -plugin-opt=-pass-through=-lgcc -plugin-opt=-pass-through=-lgcc_s -plugin-opt=-pass-through=-lc -plugin-opt=-pass-through=-lgcc -plugin-opt=-pass-through=-lgcc_s --build-id --eh-frame-hdr -m elf_x86_64 -export-dynamic -dynamic-linker /lib64/ld-linux-x86-64.so.2 -pie -z now -o cmTC_3cfca /usr/lib64/gcc/x86_64-generic-linux/12/../../../../lib64/Scrt1.o /usr/lib64/gcc/x86_64-generic-linux/12/../../../../lib64/crti.o /usr/lib64/gcc/x86_64-generic-linux/12/crtbeginS.o -L/usr/lib64/gcc/x86_64-generic-linux/12 -L/usr/lib64/gcc/x86_64-generic-linux/12/../../../../lib64 -L/lib/../lib64 -L/usr/lib/../lib64 -L/usr/lib64/gcc/x86_64-generic-linux/12/../../.. -z now -z relro -sort-common --enable-new-dtags CMakeFiles/cmTC_3cfca.dir/CMakeCCompilerABI.c.o -lgcc --push-state --as-needed -lgcc_s --pop-state -lc -lgcc --push-state --as-needed -lgcc_s --pop-state /usr/lib64/gcc/x86_64-generic-linux/12/crtfastmath.o /usr/lib64/gcc/x86_64-generic-linux/12/crtendS.o /usr/lib64/gcc/x86_64-generic-linux/12/../../../../lib64/crtn.o]
    arg [/usr/lib64/gcc/x86_64-generic-linux/12/collect2] ==> ignore
    arg [-plugin] ==> ignore
    arg [/usr/lib64/gcc/x86_64-generic-linux/12/liblto_plugin.so] ==> ignore
    arg [-plugin-opt=/usr/lib64/gcc/x86_64-generic-linux/12/lto-wrapper] ==> ignore
    arg [-plugin-opt=-fresolution=/tmp/ccUBNZ3N.res] ==> ignore
    arg [-plugin-opt=-pass-through=-lgcc] ==> ignore
    arg [-plugin-opt=-pass-through=-lgcc_s] ==> ignore
    arg [-plugin-opt=-pass-through=-lc] ==> ignore
    arg [-plugin-opt=-pass-through=-lgcc] ==> ignore
    arg [-plugin-opt=-pass-through=-lgcc_s] ==> ignore
    arg [--build-id] ==> ignore
    arg [--eh-frame-hdr] ==> ignore
    arg [-m] ==> ignore
    arg [elf_x86_64] ==> ignore
    arg [-export-dynamic] ==> ignore
    arg [-dynamic-linker] ==> ignore
    arg [/lib64/ld-linux-x86-64.so.2] ==> ignore
    arg [-pie] ==> ignore
    arg [-znow] ==> ignore
    arg [-o] ==> ignore
    arg [cmTC_3cfca] ==> ignore
    arg [/usr/lib64/gcc/x86_64-generic-linux/12/../../../../lib64/Scrt1.o] ==> obj [/usr/lib64/gcc/x86_64-generic-linux/12/../../../../lib64/Scrt1.o]
    arg [/usr/lib64/gcc/x86_64-generic-linux/12/../../../../lib64/crti.o] ==> obj [/usr/lib64/gcc/x86_64-generic-linux/12/../../../../lib64/crti.o]
    arg [/usr/lib64/gcc/x86_64-generic-linux/12/crtbeginS.o] ==> obj [/usr/lib64/gcc/x86_64-generic-linux/12/crtbeginS.o]
    arg [-L/usr/lib64/gcc/x86_64-generic-linux/12] ==> dir [/usr/lib64/gcc/x86_64-generic-linux/12]
    arg [-L/usr/lib64/gcc/x86_64-generic-linux/12/../../../../lib64] ==> dir [/usr/lib64/gcc/x86_64-generic-linux/12/../../../../lib64]
    arg [-L/lib/../lib64] ==> dir [/lib/../lib64]
    arg [-L/usr/lib/../lib64] ==> dir [/usr/lib/../lib64]
    arg [-L/usr/lib64/gcc/x86_64-generic-linux/12/../../..] ==> dir [/usr/lib64/gcc/x86_64-generic-linux/12/../../..]
    arg [-znow] ==> ignore
    arg [-zrelro] ==> ignore
    arg [-sort-common] ==> ignore
    arg [--enable-new-dtags] ==> ignore
    arg [CMakeFiles/cmTC_3cfca.dir/CMakeCCompilerABI.c.o] ==> ignore
    arg [-lgcc] ==> lib [gcc]
    arg [--push-state] ==> ignore
    arg [--as-needed] ==> ignore
    arg [-lgcc_s] ==> lib [gcc_s]
    arg [--pop-state] ==> ignore
    arg [-lc] ==> lib [c]
    arg [-lgcc] ==> lib [gcc]
    arg [--push-state] ==> ignore
    arg [--as-needed] ==> ignore
    arg [-lgcc_s] ==> lib [gcc_s]
    arg [--pop-state] ==> ignore
    arg [/usr/lib64/gcc/x86_64-generic-linux/12/crtfastmath.o] ==> obj [/usr/lib64/gcc/x86_64-generic-linux/12/crtfastmath.o]
    arg [/usr/lib64/gcc/x86_64-generic-linux/12/crtendS.o] ==> obj [/usr/lib64/gcc/x86_64-generic-linux/12/crtendS.o]
    arg [/usr/lib64/gcc/x86_64-generic-linux/12/../../../../lib64/crtn.o] ==> obj [/usr/lib64/gcc/x86_64-generic-linux/12/../../../../lib64/crtn.o]
  collapse obj [/usr/lib64/gcc/x86_64-generic-linux/12/../../../../lib64/Scrt1.o] ==> [/usr/lib64/Scrt1.o]
  collapse obj [/usr/lib64/gcc/x86_64-generic-linux/12/../../../../lib64/crti.o] ==> [/usr/lib64/crti.o]
  collapse obj [/usr/lib64/gcc/x86_64-generic-linux/12/../../../../lib64/crtn.o] ==> [/usr/lib64/crtn.o]
  collapse library dir [/usr/lib64/gcc/x86_64-generic-linux/12] ==> [/usr/lib64/gcc/x86_64-generic-linux/12]
  collapse library dir [/usr/lib64/gcc/x86_64-generic-linux/12/../../../../lib64] ==> [/usr/lib64]
  collapse library dir [/lib/../lib64] ==> [/lib64]
  collapse library dir [/usr/lib/../lib64] ==> [/usr/lib64]
  collapse library dir [/usr/lib64/gcc/x86_64-generic-linux/12/../../..] ==> [/usr/lib64]
  implicit libs: [gcc;gcc_s;c;gcc;gcc_s]
  implicit objs: [/usr/lib64/Scrt1.o;/usr/lib64/crti.o;/usr/lib64/gcc/x86_64-generic-linux/12/crtbeginS.o;/usr/lib64/gcc/x86_64-generic-linux/12/crtfastmath.o;/usr/lib64/gcc/x86_64-generic-linux/12/crtendS.o;/usr/lib64/crtn.o]
  implicit dirs: [/usr/lib64/gcc/x86_64-generic-linux/12;/usr/lib64;/lib64]
  implicit fwks: []


Detecting CXX compiler ABI info compiled with the following output:
Change Dir: /home/kan/Dev/unlimited-base-conversion/build/CMakeFiles/CMakeScratch/TryCompile-4TGyrs

Run Build Command(s):/usr/bin/gmake -f Makefile cmTC_2ca16/fast && /usr/bin/gmake  -f CMakeFiles/cmTC_2ca16.dir/build.make CMakeFiles/cmTC_2ca16.dir/build
gmake[1]: Entering directory '/home/kan/Dev/unlimited-base-conversion/build/CMakeFiles/CMakeScratch/TryCompile-4TGyrs'
Building CXX object CMakeFiles/cmTC_2ca16.dir/CMakeCXXCompilerABI.cpp.o
/usr/bin/g++   -g -O3 -feliminate-unused-debug-types -pipe -Wall -Wp,-D_FORTIFY_SOURCE=2 -fexceptions -Wformat -Wformat-security -m64 -fasynchronous-unwind-tables -Wp,-D_REENTRANT -ftree-loop-distribute-patterns -Wl,-z,now -Wl,-z,relro -fno-semantic-interposition -ffat-lto-objects -fno-trapping-math -Wl,-sort-common -Wl,--enable-new-dtags -mrelax-cmpxchg-loop  -fvisibility-inlines-hidden -Wl,--enable-new-dtags -std=gnu++17    -v -o CMakeFiles/cmTC_2ca16.dir/CMakeCXXCompilerABI.cpp.o -c /usr/share/cmake-3.25/Modules/CMakeCXXCompilerABI.cpp
Using built-in specs.
COLLECT_GCC=/usr/bin/g++
Target: x86_64-generic-linux
Configured with: ../gcc-12.2.0/configure --prefix=/usr --with-pkgversion='Clear Linux OS for Intel Architecture' --libdir=/usr/lib64 --enable-libstdcxx-pch --libexecdir=/usr/lib64 --with-system-zlib --enable-shared --enable-gnu-indirect-function --disable-vtable-verify --enable-threads=posix --enable-__cxa_atexit --enable-plugin --enable-ld=default --enable-clocale=gnu --disable-multiarch --enable-multilib --enable-lto --with-pic --disable-werror --enable-linker-build-id --build=x86_64-generic-linux --target=x86_64-generic-linux --enable-host-shared --enable-languages=c,c++,fortran,go,jit --enable-bootstrap --with-ppl=yes --with-isl --includedir=/usr/include --exec-prefix=/usr --with-glibc-version=2.35 --disable-libunwind-exceptions --with-gnu-ld --with-tune=sapphirerapids --with-arch=x86-64-v3 --enable-cet --disable-libmpx --with-gcc-major-version-only --enable-linux-futex --enable-gnu-indirect-function --with-zstd --enable-default-pie
Thread model: posix
Supported LTO compression algorithms: zlib zstd
gcc version 12.2.1 20230309 releases/gcc-12.2.0-539-g7435136fe9 (Clear Linux OS for Intel Architecture) 
COLLECT_GCC_OPTIONS='-g' '-O3' '-feliminate-unused-debug-types' '-pipe' '-Wall' '-fexceptions' '-Wformat=1' '-Wformat-security' '-m64' '-fasynchronous-unwind-tables' '-ftree-loop-distribute-patterns' '-fno-semantic-interposition' '-ffat-lto-objects' '-fno-trapping-math' '-mrelax-cmpxchg-loop' '-fvisibility-inlines-hidden' '-std=gnu++17' '-v' '-o' 'CMakeFiles/cmTC_2ca16.dir/CMakeCXXCompilerABI.cpp.o' '-c' '-shared-libgcc' '-mtune=sapphirerapids' '-march=x86-64-v3' '-dumpdir' 'CMakeFiles/cmTC_2ca16.dir/'
 /usr/lib64/gcc/x86_64-generic-linux/12/cc1plus -quiet -v -D_GNU_SOURCE -D_FORTIFY_SOURCE=2 -D_REENTRANT /usr/share/cmake-3.25/Modules/CMakeCXXCompilerABI.cpp -quiet -dumpdir CMakeFiles/cmTC_2ca16.dir/ -dumpbase CMakeCXXCompilerABI.cpp.cpp -dumpbase-ext .cpp -m64 -mrelax-cmpxchg-loop -mtune=sapphirerapids -march=x86-64-v3 -g -O3 -Wall -Wformat=1 -Wformat-security -std=gnu++17 -version -feliminate-unused-debug-types -fexceptions -fasynchronous-unwind-tables -ftree-loop-distribute-patterns -fno-semantic-interposition -ffat-lto-objects -fno-trapping-math -fvisibility-inlines-hidden -o - |
 /usr/lib64/gcc/x86_64-generic-linux/12/as -v --gdwarf-5 --64 -o CMakeFiles/cmTC_2ca16.dir/CMakeCXXCompilerABI.cpp.o
GNU C++17 (Clear Linux OS for Intel Architecture) version 12.2.1 20230309 releases/gcc-12.2.0-539-g7435136fe9 (x86_64-generic-linux)
	compiled by GNU C version 12.2.1 20230309 releases/gcc-12.2.0-539-g7435136fe9, GMP version 6.2.1, MPFR version 4.1.1, MPC version 1.2.1, isl version isl-0.24-GMP

GGC heuristics: --param ggc-min-expand=100 --param ggc-min-heapsize=131072
ignoring nonexistent directory "/usr/local/include"
ignoring nonexistent directory "/usr/lib64/gcc/x86_64-generic-linux/12/../../../../x86_64-generic-linux/include"
#include "..." search starts here:
#include <...> search starts here:
 /usr/lib64/gcc/x86_64-generic-linux/12/../../../../include/c++/12
 /usr/lib64/gcc/x86_64-generic-linux/12/../../../../include/c++/12/x86_64-generic-linux
 /usr/lib64/gcc/x86_64-generic-linux/12/../../../../include/c++/12/backward
 /usr/lib64/gcc/x86_64-generic-linux/12/include
 /usr/lib64/gcc/x86_64-generic-linux/12/include-fixed
 /usr/include
End of search list.
GNU C++17 (Clear Linux OS for Intel Architecture) version 12.2.1 20230309 releases/gcc-12.2.0-539-g7435136fe9 (x86_64-generic-linux)
	compiled by GNU C version 12.2.1 20230309 releases/gcc-12.2.0-539-g7435136fe9, GMP version 6.2.1, MPFR version 4.1.1, MPC version 1.2.1, isl version isl-0.24-GMP

GGC heuristics: --param ggc-min-expand=100 --param ggc-min-heapsize=131072
Compiler executable checksum: 110891427c4d518d54ed64cd3586bcea
GNU assembler version 2.40.0 (x86_64-generic-linux) using BFD version (GNU Binutils) 2.40.0
COMPILER_PATH=/usr/lib64/gcc/x86_64-generic-linux/12/:/usr/lib64/gcc/x86_64-generic-linux/12/:/usr/lib64/gcc/x86_64-generic-linux/:/usr/lib64/gcc/x86_64-generic-linux/12/:/usr/lib64/gcc/x86_64-generic-linux/
LIBRARY_PATH=/usr/lib64/gcc/x86_64-generic-linux/12/:/usr/lib64/gcc/x86_64-generic-linux/12/../../../../lib64/:/lib/../lib64/:/usr/lib/../lib64/:/usr/lib64/gcc/x86_64-generic-linux/12/../../../:/lib/:/usr/lib/
COLLECT_GCC_OPTIONS='-g' '-O3' '-feliminate-unused-debug-types' '-pipe' '-Wall' '-fexceptions' '-Wformat=1' '-Wformat-security' '-m64' '-fasynchronous-unwind-tables' '-ftree-loop-distribute-patterns' '-fno-semantic-interposition' '-ffat-lto-objects' '-fno-trapping-math' '-mrelax-cmpxchg-loop' '-fvisibility-inlines-hidden' '-std=gnu++17' '-v' '-o' 'CMakeFiles/cmTC_2ca16.dir/CMakeCXXCompilerABI.cpp.o' '-c' '-shared-libgcc' '-mtune=sapphirerapids' '-march=x86-64-v3' '-dumpdir' 'CMakeFiles/cmTC_2ca16.dir/CMakeCXXCompilerABI.cpp.'
Linking CXX executable cmTC_2ca16
/usr/bin/cmake -E cmake_link_script CMakeFiles/cmTC_2ca16.dir/link.txt --verbose=1
/usr/bin/g++ -g -O3 -feliminate-unused-debug-types -pipe -Wall -Wp,-D_FORTIFY_SOURCE=2 -fexceptions -Wformat -Wformat-security -m64 -fasynchronous-unwind-tables -Wp,-D_REENTRANT -ftree-loop-distribute-patterns -Wl,-z,now -Wl,-z,relro -fno-semantic-interposition -ffat-lto-objects -fno-trapping-math -Wl,-sort-common -Wl,--enable-new-dtags -mrelax-cmpxchg-loop  -fvisibility-inlines-hidden -Wl,--enable-new-dtags -std=gnu++17   -v -rdynamic CMakeFiles/cmTC_2ca16.dir/CMakeCXXCompilerABI.cpp.o -o cmTC_2ca16 
Using built-in specs.
COLLECT_GCC=/usr/bin/g++
COLLECT_LTO_WRAPPER=/usr/lib64/gcc/x86_64-generic-linux/12/lto-wrapper
Target: x86_64-generic-linux
Configured with: ../gcc-12.2.0/configure --prefix=/usr --with-pkgversion='Clear Linux OS for Intel Architecture' --libdir=/usr/lib64 --enable-libstdcxx-pch --libexecdir=/usr/lib64 --with-system-zlib --enable-shared --enable-gnu-indirect-function --disable-vtable-verify --enable-threads=posix --enable-__cxa_atexit --enable-plugin --enable-ld=default --enable-clocale=gnu --disable-multiarch --enable-multilib --enable-lto --with-pic --disable-werror --enable-linker-build-id --build=x86_64-generic-linux --target=x86_64-generic-linux --enable-host-shared --enable-languages=c,c++,fortran,go,jit --enable-bootstrap --with-ppl=yes --with-isl --includedir=/usr/include --exec-prefix=/usr --with-glibc-version=2.35 --disable-libunwind-exceptions --with-gnu-ld --with-tune=sapphirerapids --with-arch=x86-64-v3 --enable-cet --disable-libmpx --with-gcc-major-version-only --enable-linux-futex --enable-gnu-indirect-function --with-zstd --enable-default-pie
Thread model: posix
Supported LTO compression algorithms: zlib zstd
gcc version 12.2.1 20230309 releases/gcc-12.2.0-539-g7435136fe9 (Clear Linux OS for Intel Architecture) 
COMPILER_PATH=/usr/lib64/gcc/x86_64-generic-linux/12/:/usr/lib64/gcc/x86_64-generic-linux/12/:/usr/lib64/gcc/x86_64-generic-linux/:/usr/lib64/gcc/x86_64-generic-linux/12/:/usr/lib64/gcc/x86_64-generic-linux/
LIBRARY_PATH=/usr/lib64/gcc/x86_64-generic-linux/12/:/usr/lib64/gcc/x86_64-generic-linux/12/../../../../lib64/:/lib/../lib64/:/usr/lib/../lib64/:/usr/lib64/gcc/x86_64-generic-linux/12/../../../:/lib/:/usr/lib/
COLLECT_GCC_OPTIONS='-g' '-O3' '-feliminate-unused-debug-types' '-pipe' '-Wall' '-fexceptions' '-Wformat=1' '-Wformat-security' '-m64' '-fasynchronous-unwind-tables' '-ftree-loop-distribute-patterns' '-fno-semantic-interposition' '-ffat-lto-objects' '-fno-trapping-math' '-mrelax-cmpxchg-loop' '-fvisibility-inlines-hidden' '-std=gnu++17' '-v' '-rdynamic' '-o' 'cmTC_2ca16' '-shared-libgcc' '-mtune=sapphirerapids' '-march=x86-64-v3' '-dumpdir' 'cmTC_2ca16.'
 /usr/lib64/gcc/x86_64-generic-linux/12/collect2 -plugin /usr/lib64/gcc/x86_64-generic-linux/12/liblto_plugin.so -plugin-opt=/usr/lib64/gcc/x86_64-generic-linux/12/lto-wrapper -plugin-opt=-fresolution=/tmp/ccKJwSaB.res -plugin-opt=-pass-through=-lgcc_s -plugin-opt=-pass-through=-lgcc -plugin-opt=-pass-through=-lc -plugin-opt=-pass-through=-lgcc_s -plugin-opt=-pass-through=-lgcc --build-id --eh-frame-hdr -m elf_x86_64 -export-dynamic -dynamic-linker /lib64/ld-linux-x86-64.so.2 -pie -z now -o cmTC_2ca16 /usr/lib64/gcc/x86_64-generic-linux/12/../../../../lib64/Scrt1.o /usr/lib64/gcc/x86_64-generic-linux/12/../../../../lib64/crti.o /usr/lib64/gcc/x86_64-generic-linux/12/crtbeginS.o -L/usr/lib64/gcc/x86_64-generic-linux/12 -L/usr/lib64/gcc/x86_64-generic-linux/12/../../../../lib64 -L/lib/../lib64 -L/usr/lib/../lib64 -L/usr/lib64/gcc/x86_64-generic-linux/12/../../.. -z now -z relro -sort-common --enable-new-dtags --enable-new-dtags CMakeFiles/cmTC_2ca16.dir/CMakeCXXCompilerABI.cpp.o -lstdc++ -lm -lgcc_s -lgcc -lc -lgcc_s -lgcc /usr/lib64/gcc/x86_64-generic-linux/12/crtfastmath.o /usr/lib64/gcc/x86_64-generic-linux/12/crtendS.o /usr/lib64/gcc/x86_64-generic-linux/12/../../../../lib64/crtn.o
COLLECT_GCC_OPTIONS='-g' '-O3' '-feliminate-unused-debug-types' '-pipe' '-Wall' '-fexceptions' '-Wformat=1' '-Wformat-security' '-m64' '-fasynchronous-unwind-tables' '-ftree-loop-distribute-patterns' '-fno-semantic-interposition' '-ffat-lto-objects' '-fno-trapping-math' '-mrelax-cmpxchg-loop' '-fvisibility-inlines-hidden' '-std=gnu++17' '-v' '-rdynamic' '-o' 'cmTC_2ca16' '-shared-libgcc' '-mtune=sapphirerapids' '-march=x86-64-v3' '-dumpdir' 'cmTC_2ca16.'
gmake[1]: Leaving directory '/home/kan/Dev/unlimited-base-conversion/build/CMakeFiles/CMakeScratch/TryCompile-4TGyrs'



Parsed CXX implicit include dir info from above output: rv=done
  found start of include info
  found start of implicit include info
    add: [/usr/lib64/gcc/x86_64-generic-linux/12/../../../../include/c++/12]
    add: [/usr/lib64/gcc/x86_64-generic-linux/12/../../../../include/c++/12/x86_64-generic-linux]
    add: [/usr/lib64/gcc/x86_64-generic-linux/12/../../../../include/c++/12/backward]
    add: [/usr/lib64/gcc/x86_64-generic-linux/12/include]
    add: [/usr/lib64/gcc/x86_64-generic-linux/12/include-fixed]
    add: [/usr/include]
  end of search list found
  collapse include dir [/usr/lib64/gcc/x86_64-generic-linux/12/../../../../include/c++/12] ==> [/usr/include/c++/12]
  collapse include dir [/usr/lib64/gcc/x86_64-generic-linux/12/../../../../include/c++/12/x86_64-generic-linux] ==> [/usr/include/c++/12/x86_64-generic-linux]
  collapse include dir [/usr/lib64/gcc/x86_64-generic-linux/12/../../../../include/c++/12/backward] ==> [/usr/include/c++/12/backward]
  collapse include dir [/usr/lib64/gcc/x86_64-generic-linux/12/include] ==> [/usr/lib64/gcc/x86_64-generic-linux/12/include]
  collapse include dir [/usr/lib64/gcc/x86_64-generic-linux/12/include-fixed] ==> [/usr/lib64/gcc/x86_64-generic-linux/12/include-fixed]
  collapse include dir [/usr/include] ==> [/usr/include]
  implicit include dirs: [/usr/include/c++/12;/usr/include/c++/12/x86_64-generic-linux;/usr/include/c++/12/backward;/usr/lib64/gcc/x86_64-generic-linux/12/include;/usr/lib64/gcc/x86_64-generic-linux/12/include-fixed;/usr/include]


Parsed CXX implicit link information from above output:
  link line regex: [^( *|.*[/\])(ld|CMAKE_LINK_STARTFILE-NOTFOUND|([^/\]+-)?ld|collect2)[^/\]*( |$)]
  ignore line: [Change Dir: /home/kan/Dev/unlimited-base-conversion/build/CMakeFiles/CMakeScratch/TryCompile-4TGyrs]
  ignore line: []
  ignore line: [Run Build Command(s):/usr/bin/gmake -f Makefile cmTC_2ca16/fast && /usr/bin/gmake  -f CMakeFiles/cmTC_2ca16.dir/build.make CMakeFiles/cmTC_2ca16.dir/build]
  ignore line: [gmake[1]: Entering directory '/home/kan/Dev/unlimited-base-conversion/build/CMakeFiles/CMakeScratch/TryCompile-4TGyrs']
  ignore line: [Building CXX object CMakeFiles/cmTC_2ca16.dir/CMakeCXXCompilerABI.cpp.o]
  ignore line: [/usr/bin/g++   -g -O3 -feliminate-unused-debug-types -pipe -Wall -Wp -D_FORTIFY_SOURCE=2 -fexceptions -Wformat -Wformat-security -m64 -fasynchronous-unwind-tables -Wp -D_REENTRANT -ftree-loop-distribute-patterns -Wl -z now -Wl -z relro -fno-semantic-interposition -ffat-lto-objects -fno-trapping-math -Wl -sort-common -Wl --enable-new-dtags -mrelax-cmpxchg-loop  -fvisibility-inlines-hidden -Wl --enable-new-dtags -std=gnu++17    -v -o CMakeFiles/cmTC_2ca16.dir/CMakeCXXCompilerABI.cpp.o -c /usr/share/cmake-3.25/Modules/CMakeCXXCompilerABI.cpp]
  ignore line: [Using built-in specs.]
  ignore line: [COLLECT_GCC=/usr/bin/g++]
  ignore line: [Target: x86_64-generic-linux]
  ignore line: [Configured with: ../gcc-12.2.0/configure --prefix=/usr --with-pkgversion='Clear Linux OS for Intel Architecture' --libdir=/usr/lib64 --enable-libstdcxx-pch --libexecdir=/usr/lib64 --with-system-zlib --enable-shared --enable-gnu-indirect-function --disable-vtable-verify --enable-threads=posix --enable-__cxa_atexit --enable-plugin --enable-ld=default --enable-clocale=gnu --disable-multiarch --enable-multilib --enable-lto --with-pic --disable-werror --enable-linker-build-id --build=x86_64-generic-linux --target=x86_64-generic-linux --enable-host-shared --enable-languages=c,c++,fortran,go,jit --enable-bootstrap --with-ppl=yes --with-isl --includedir=/usr/include --exec-prefix=/usr --with-glibc-version=2.35 --disable-libunwind-exceptions --with-gnu-ld --with-tune=sapphirerapids --with-arch=x86-64-v3 --enable-cet --disable-libmpx --with-gcc-major-version-only --enable-linux-futex --enable-gnu-indirect-function --with-zstd --enable-default-pie]
  ignore line: [Thread model: posix]
  ignore line: [Supported LTO compression algorithms: zlib zstd]
  ignore line: [gcc version 12.2.1 20230309 releases/gcc-12.2.0-539-g7435136fe9 (Clear Linux OS for Intel Architecture) ]
  ignore line: [COLLECT_GCC_OPTIONS='-g' '-O3' '-feliminate-unused-debug-types' '-pipe' '-Wall' '-fexceptions' '-Wformat=1' '-Wformat-security' '-m64' '-fasynchronous-unwind-tables' '-ftree-loop-distribute-patterns' '-fno-semantic-interposition' '-ffat-lto-objects' '-fno-trapping-math' '-mrelax-cmpxchg-loop' '-fvisibility-inlines-hidden' '-std=gnu++17' '-v' '-o' 'CMakeFiles/cmTC_2ca16.dir/CMakeCXXCompilerABI.cpp.o' '-c' '-shared-libgcc' '-mtune=sapphirerapids' '-march=x86-64-v3' '-dumpdir' 'CMakeFiles/cmTC_2ca16.dir/']
  ignore line: [ /usr/lib64/gcc/x86_64-generic-linux/12/cc1plus -quiet -v -D_GNU_SOURCE -D_FORTIFY_SOURCE=2 -D_REENTRANT /usr/share/cmake-3.25/Modules/CMakeCXXCompilerABI.cpp -quiet -dumpdir CMakeFiles/cmTC_2ca16.dir/ -dumpbase CMakeCXXCompilerABI.cpp.cpp -dumpbase-ext .cpp -m64 -mrelax-cmpxchg-loop -mtune=sapphirerapids -march=x86-64-v3 -g -O3 -Wall -Wformat=1 -Wformat-security -std=gnu++17 -version -feliminate-unused-debug-types -fexceptions -fasynchronous-unwind-tables -ftree-loop-distribute-patterns -fno-semantic-interposition -ffat-lto-objects -fno-trapping-math -fvisibility-inlines-hidden -o - |]
  ignore line: [ /usr/lib64/gcc/x86_64-generic-linux/12/as -v --gdwarf-5 --64 -o CMakeFiles/cmTC_2ca16.dir/CMakeCXXCompilerABI.cpp.o]
  ignore line: [GNU C++17 (Clear Linux OS for Intel Architecture) version 12.2.1 20230309 releases/gcc-12.2.0-539-g7435136fe9 (x86_64-generic-linux)]
  ignore line: [	compiled by GNU C version 12.2.1 20230309 releases/gcc-12.2.0-539-g7435136fe9  GMP version 6.2.1  MPFR version 4.1.1  MPC version 1.2.1  isl version isl-0.24-GMP]
  ignore line: []
  ignore line: [GGC heuristics: --param ggc-min-expand=100 --param ggc-min-heapsize=131072]
  ignore line: [ignoring nonexistent directory "/usr/local/include"]
  ignore line: [ignoring nonexistent directory "/usr/lib64/gcc/x86_64-generic-linux/12/../../../../x86_64-generic-linux/include"]
  ignore line: [#include "..." search starts here:]
  ignore line: [#include <...> search starts here:]
  ignore line: [ /usr/lib64/gcc/x86_64-generic-linux/12/../../../../include/c++/12]
  ignore line: [ /usr/lib64/gcc/x86_64-generic-linux/12/../../../../include/c++/12/x86_64-generic-linux]
  ignore line: [ /usr/lib64/gcc/x86_64-generic-linux/12/../../../../include/c++/12/backward]
  ignore line: [ /usr/lib64/gcc/x86_64-generic-linux/12/include]
  ignore line: [ /usr/lib64/gcc/x86_64-generic-linux/12/include-fixed]
  ignore line: [ /usr/include]
  ignore line: [End of search list.]
  ignore line: [GNU C++17 (Clear Linux OS for Intel Architecture) version 12.2.1 20230309 releases/gcc-12.2.0-539-g7435136fe9 (x86_64-generic-linux)]
  ignore line: [	compiled by GNU C version 12.2.1 20230309 releases/gcc-12.2.0-539-g7435136fe9  GMP version 6.2.1  MPFR version 4.1.1  MPC version 1.2.1  isl version isl-0.24-GMP]
  ignore line: []
  ignore line: [GGC heuristics: --param ggc-min-expand=100 --param ggc-min-heapsize=131072]
  ignore line: [Compiler executable checksum: 110891427c4d518d54ed64cd3586bcea]
  ignore line: [GNU assembler version 2.40.0 (x86_64-generic-linux) using BFD version (GNU Binutils) 2.40.0]
  ignore line: [COMPILER_PATH=/usr/lib64/gcc/x86_64-generic-linux/12/:/usr/lib64/gcc/x86_64-generic-linux/12/:/usr/lib64/gcc/x86_64-generic-linux/:/usr/lib64/gcc/x86_64-generic-linux/12/:/usr/lib64/gcc/x86_64-generic-linux/]
  ignore line: [LIBRARY_PATH=/usr/lib64/gcc/x86_64-generic-linux/12/:/usr/lib64/gcc/x86_64-generic-linux/12/../../../../lib64/:/lib/../lib64/:/usr/lib/../lib64/:/usr/lib64/gcc/x86_64-generic-linux/12/../../../:/lib/:/usr/lib/]
  ignore line: [COLLECT_GCC_OPTIONS='-g' '-O3' '-feliminate-unused-debug-types' '-pipe' '-Wall' '-fexceptions' '-Wformat=1' '-Wformat-security' '-m64' '-fasynchronous-unwind-tables' '-ftree-loop-distribute-patterns' '-fno-semantic-interposition' '-ffat-lto-objects' '-fno-trapping-math' '-mrelax-cmpxchg-loop' '-fvisibility-inlines-hidden' '-std=gnu++17' '-v' '-o' 'CMakeFiles/cmTC_2ca16.dir/CMakeCXXCompilerABI.cpp.o' '-c' '-shared-libgcc' '-mtune=sapphirerapids' '-march=x86-64-v3' '-dumpdir' 'CMakeFiles/cmTC_2ca16.dir/CMakeCXXCompilerABI.cpp.']
  ignore line: [Linking CXX executable cmTC_2ca16]
  ignore line: [/usr/bin/cmake -E cmake_link_script CMakeFiles/cmTC_2ca16.dir/link.txt --verbose=1]
  ignore line: [/usr/bin/g++ -g -O3 -feliminate-unused-debug-types -pipe -Wall -Wp -D_FORTIFY_SOURCE=2 -fexceptions -Wformat -Wformat-security -m64 -fasynchronous-unwind-tables -Wp -D_REENTRANT -ftree-loop-distribute-patterns -Wl -z now -Wl -z relro -fno-semantic-interposition -ffat-lto-objects -fno-trapping-math -Wl -sort-common -Wl --enable-new-dtags -mrelax-cmpxchg-loop  -fvisibility-inlines-hidden -Wl --enable-new-dtags -std=gnu++17   -v -rdynamic CMakeFiles/cmTC_2ca16.dir/CMakeCXXCompilerABI.cpp.o -o cmTC_2ca16 ]
  ignore line: [Using built-in specs.]
  ignore line: [COLLECT_GCC=/usr/bin/g++]
  ignore line: [COLLECT_LTO_WRAPPER=/usr/lib64/gcc/x86_64-generic-linux/12/lto-wrapper]
  ignore line: [Target: x86_64-generic-linux]
  ignore line: [Configured with: ../gcc-12.2.0/configure --prefix=/usr --with-pkgversion='Clear Linux OS for Intel Architecture' --libdir=/usr/lib64 --enable-libstdcxx-pch --libexecdir=/usr/lib64 --with-system-zlib --enable-shared --enable-gnu-indirect-function --disable-vtable-verify --enable-threads=posix --enable-__cxa_atexit --enable-plugin --enable-ld=default --enable-clocale=gnu --disable-multiarch --enable-multilib --enable-lto --with-pic --disable-werror --enable-linker-build-id --build=x86_64-generic-linux --target=x86_64-generic-linux --enable-host-shared --enable-languages=c,c++,fortran,go,jit --enable-bootstrap --with-ppl=yes --with-isl --includedir=/usr/include --exec-prefix=/usr --with-glibc-version=2.35 --disable-libunwind-exceptions --with-gnu-ld --with-tune=sapphirerapids --with-arch=x86-64-v3 --enable-cet --disable-libmpx --with-gcc-major-version-only --enable-linux-futex --enable-gnu-indirect-function --with-zstd --enable-default-pie]
  ignore line: [Thread model: posix]
  ignore line: [Supported LTO compression algorithms: zlib zstd]
  ignore line: [gcc version 12.2.1 20230309 releases/gcc-12.2.0-539-g7435136fe9 (Clear Linux OS for Intel Architecture) ]
  ignore line: [COMPILER_PATH=/usr/lib64/gcc/x86_64-generic-linux/12/:/usr/lib64/gcc/x86_64-generic-linux/12/:/usr/lib64/gcc/x86_64-generic-linux/:/usr/lib64/gcc/x86_64-generic-linux/12/:/usr/lib64/gcc/x86_64-generic-linux/]
  ignore line: [LIBRARY_PATH=/usr/lib64/gcc/x86_64-generic-linux/12/:/usr/lib64/gcc/x86_64-generic-linux/12/../../../../lib64/:/lib/../lib64/:/usr/lib/../lib64/:/usr/lib64/gcc/x86_64-generic-linux/12/../../../:/lib/:/usr/lib/]
  ignore line: [COLLECT_GCC_OPTIONS='-g' '-O3' '-feliminate-unused-debug-types' '-pipe' '-Wall' '-fexceptions' '-Wformat=1' '-Wformat-security' '-m64' '-fasynchronous-unwind-tables' '-ftree-loop-distribute-patterns' '-fno-semantic-interposition' '-ffat-lto-objects' '-fno-trapping-math' '-mrelax-cmpxchg-loop' '-fvisibility-inlines-hidden' '-std=gnu++17' '-v' '-rdynamic' '-o' 'cmTC_2ca16' '-shared-libgcc' '-mtune=sapphirerapids' '-march=x86-64-v3' '-dumpdir' 'cmTC_2ca16.']
  link line: [ /usr/lib64/gcc/x86_64-generic-linux/12/collect2 -plugin /usr/lib64/gcc/x86_64-generic-linux/12/liblto_plugin.so -plugin-opt=/usr/lib64/gcc/x86_64-generic-linux/12/lto-wrapper -plugin-opt=-fresolution=/tmp/ccKJwSaB.res -plugin-opt=-pass-through=-lgcc_s -plugin-opt=-pass-through=-lgcc -plugin-opt=-pass-through=-lc -plugin-opt=-pass-through=-lgcc_s -plugin-opt=-pass-through=-lgcc --build-id --eh-frame-hdr -m elf_x86_64 -export-dynamic -dynamic-linker /lib64/ld-linux-x86-64.so.2 -pie -z now -o cmTC_2ca16 /usr/lib64/gcc/x86_64-generic-linux/12/../../../../lib64/Scrt1.o /usr/lib64/gcc/x86_64-generic-linux/12/../../../../lib64/crti.o /usr/lib64/gcc/x86_64-generic-linux/12/crtbeginS.o -L/usr/lib64/gcc/x86_64-generic-linux/12 -L/usr/lib64/gcc/x86_64-generic-linux/12/../../../../lib64 -L/lib/../lib64 -L/usr/lib/../lib64 -L/usr/lib64/gcc/x86_64-generic-linux/12/../../.. -z now -z relro -sort-common --enable-new-dtags --enable-new-dtags CMakeFiles/cmTC_2ca16.dir/CMakeCXXCompilerABI.cpp.o -lstdc++ -lm -lgcc_s -lgcc -lc -lgcc_s -lgcc /usr/lib64/gcc/x86_64-generic-linux/12/crtfastmath.o /usr/lib64/gcc/x86_64-generic-linux/12/crtendS.o /usr/lib64/gcc/x86_64-generic-linux/12/../../../../lib64/crtn.o]
    arg [/usr/lib64/gcc/x86_64-generic-linux/12/collect2] ==> ignore
    arg [-plugin] ==> ignore
    arg [/usr/lib64/gcc/x86_64-generic-linux/12/liblto_plugin.so] ==> ignore
    arg [-plugin-opt=/usr/lib64/gcc/x86_64-generic-linux/12/lto-wrapper] ==> ignore
    arg [-plugin-opt=-fresolution=/tmp/ccKJwSaB.res] ==> ignore
    arg [-plugin-opt=-pass-through=-lgcc_s] ==> ignore
    arg [-plugin-opt=-pass-through=-lgcc] ==> ignore
    arg [-plugin-opt=-pass-through=-lc] ==> ignore
    arg [-plugin-opt=-pass-through=-lgcc_s] ==> ignore
    arg [-plugin-opt=-pass-through=-lgcc] ==> ignore
    arg [--build-id] ==> ignore
    arg [--eh-frame-hdr] ==> ignore
    arg [-m] ==> ignore
    arg [elf_x86_64] ==> ignore
    arg [-export-dynamic] ==> ignore
    arg [-dynamic-linker] ==> ignore
    arg [/lib64/ld-linux-x86-64.so.2] ==> ignore
    arg [-pie] ==> ignore
    arg [-znow] ==> ignore
    arg [-o] ==> ignore
    arg [cmTC_2ca16] ==> ignore
    arg [/usr/lib64/gcc/x86_64-generic-linux/12/../../../../lib64/Scrt1.o] ==> obj [/usr/lib64/gcc/x86_64-generic-linux/12/../../../../lib64/Scrt1.o]
    arg [/usr/lib64/gcc/x86_64-generic-linux/12/../../../../lib64/crti.o] ==> obj [/usr/lib64/gcc/x86_64-generic-linux/12/../../../../lib64/crti.o]
    arg [/usr/lib64/gcc/x86_64-generic-linux/12/crtbeginS.o] ==> obj [/usr/lib64/gcc/x86_64-generic-linux/12/crtbeginS.o]
    arg [-L/usr/lib64/gcc/x86_64-generic-linux/12] ==> dir [/usr/lib64/gcc/x86_64-generic-linux/12]
    arg [-L/usr/lib64/gcc/x86_64-generic-linux/12/../../../../lib64] ==> dir [/usr/lib64/gcc/x86_64-generic-linux/12/../../../../lib64]
    arg [-L/lib/../lib64] ==> dir [/lib/../lib64]
    arg [-L/usr/lib/../lib64] ==> dir [/usr/lib/../lib64]
    arg [-L/usr/lib64/gcc/x86_64-generic-linux/12/../../..] ==> dir [/usr/lib64/gcc/x86_64-generic-linux/12/../../..]
    arg [-znow] ==> ignore
    arg [-zrelro] ==> ignore
    arg [-sort-common] ==> ignore
    arg [--enable-new-dtags] ==> ignore
    arg [--enable-new-dtags] ==> ignore
    arg [CMakeFiles/cmTC_2ca16.dir/CMakeCXXCompilerABI.cpp.o] ==> ignore
    arg [-lstdc++] ==> lib [stdc++]
    arg [-lm] ==> lib [m]
    arg [-lgcc_s] ==> lib [gcc_s]
    arg [-lgcc] ==> lib [gcc]
    arg [-lc] ==> lib [c]
    arg [-lgcc_s] ==> lib [gcc_s]
    arg [-lgcc] ==> lib [gcc]
    arg [/usr/lib64/gcc/x86_64-generic-linux/12/crtfastmath.o] ==> obj [/usr/lib64/gcc/x86_64-generic-linux/12/crtfastmath.o]
    arg [/usr/lib64/gcc/x86_64-generic-linux/12/crtendS.o] ==> obj [/usr/lib64/gcc/x86_64-generic-linux/12/crtendS.o]
    arg [/usr/lib64/gcc/x86_64-generic-linux/12/../../../../lib64/crtn.o] ==> obj [/usr/lib64/gcc/x86_64-generic-linux/12/../../../../lib64/crtn.o]
  collapse obj [/usr/lib64/gcc/x86_64-generic-linux/12/../../../../lib64/Scrt1.o] ==> [/usr/lib64/Scrt1.o]
  collapse obj [/usr/lib64/gcc/x86_64-generic-linux/12/../../../../lib64/crti.o] ==> [/usr/lib64/crti.o]
  collapse obj [/usr/lib64/gcc/x86_64-generic-linux/12/../../../../lib64/crtn.o] ==> [/usr/lib64/crtn.o]
  collapse library dir [/usr/lib64/gcc/x86_64-generic-linux/12] ==> [/usr/lib64/gcc/x86_64-generic-linux/12]
  collapse library dir [/usr/lib64/gcc/x86_64-generic-linux/12/../../../../lib64] ==> [/usr/lib64]
  collapse library dir [/lib/../lib64] ==> [/lib64]
  collapse library dir [/usr/lib/../lib64] ==> [/usr/lib64]
  collapse library dir [/usr/lib64/gcc/x86_64-generic-linux/12/../../..] ==> [/usr/lib64]
  implicit libs: [stdc++;m;gcc_s;gcc;c;gcc_s;gcc]
  implicit objs: [/usr/lib64/Scrt1.o;/usr/lib64/crti.o;/usr/lib64/gcc/x86_64-generic-linux/12/crtbeginS.o;/usr/lib64/gcc/x86_64-generic-linux/12/crtfastmath.o;/usr/lib64/gcc/x86_64-generic-linux/12/crtendS.o;/usr/lib64/crtn.o]
  implicit dirs: [/usr/lib64/gcc/x86_64-generic-linux/12;/usr/lib64;/lib64]
  implicit fwks: []


